<?xml version="1.0" encoding="UTF-8"?>
<testng-results ignored="0" total="1" passed="1" failed="0" skipped="0">
  <reporter-output>
  </reporter-output>
  <suite started-at="2025-08-09T00:57:54 MDT" name="Suite" finished-at="2025-08-09T00:58:11 MDT" duration-ms="16953">
    <groups>
    </groups>
    <test started-at="2025-08-09T00:57:54 MDT" name="Test" finished-at="2025-08-09T00:58:11 MDT" duration-ms="16953">
      <class name="testscript.NewsTest">
        <test-method is-config="true" signature="browserInitilization(java.lang.String)[pri:0, instance:testscript.NewsTest@821330f]" started-at="2025-08-09T00:57:54 MDT" name="browserInitilization" finished-at="2025-08-09T00:58:01 MDT" duration-ms="6543" status="PASS">
          <params>
            <param index="0">
              <value>
                <![CDATA[Chrome]]>
              </value>
            </param>
          </params>
          <reporter-output>
          </reporter-output>
        </test-method> <!-- browserInitilization -->
        <test-method signature="verifyWhetherUserCanAddNews()[pri:0, instance:testscript.NewsTest@821330f]" started-at="2025-08-09T00:58:01 MDT" name="verifyWhetherUserCanAddNews" finished-at="2025-08-09T00:58:10 MDT" duration-ms="9453" status="PASS">
          <reporter-output>
          </reporter-output>
        </test-method> <!-- verifyWhetherUserCanAddNews -->
        <test-method is-config="true" signature="browserQuit(org.testng.ITestResult)[pri:0, instance:testscript.NewsTest@821330f]" started-at="2025-08-09T00:58:10 MDT" name="browserQuit" finished-at="2025-08-09T00:58:11 MDT" duration-ms="846" status="PASS">
          <params>
            <param index="0">
              <value>
                <![CDATA[[TestResult name=verifyWhetherUserCanAddNews status=SUCCESS method=NewsTest.verifyWhetherUserCanAddNews()[pri:0, instance:testscript.NewsTest@821330f] output={null}]]]>
              </value>
            </param>
          </params>
          <reporter-output>
          </reporter-output>
        </test-method> <!-- browserQuit -->
      </class> <!-- testscript.NewsTest -->
    </test> <!-- Test -->
  </suite> <!-- Suite -->
</testng-results>
