<?xml version="1.0" encoding="UTF-8"?>
<!-- Generated by org.testng.reporters.JUnitXMLReporter -->
<testsuite ignored="0" hostname="MSTU-PF4HAQHD" failures="0" tests="4" name="Test2" time="37.65" errors="0" timestamp="2025-07-28T22:39:51 MDT">
  <testcase classname="testscript.LoginTest" name="verifyUserIsAbleToLoginWithInValidCredentials" time="0.732"/>
  <testcase classname="testscript.LoginTest" name="verifyUserIsAbleToLoginWithInValidCredentials1" time="0.553"/>
  <testcase classname="testscript.LoginTest" name="verifyUserIsAbleToLoginWithInValidCredentials2" time="0.669"/>
  <testcase classname="testscript.LoginTest" name="verifyUserIsAbleToLoginWithValidCredentials" time="1.922"/>
</testsuite> <!-- Test2 -->
